20:17:28 **** Incremental Build of configuration Debug for project launchpad ****
make all 
'Building file: ../main.c'
'Invoking: ARM C Compiler 5'
armcc -I"C:\STM32_Launchpad\STM32_Launchpad\launchpad\Libraries\CMSIS\CoreSupport" -I"C:\STM32_Launchpad\STM32_Launchpad\launchpad\Libraries\CMSIS\DeviceSupport" -I"C:\STM32_Launchpad\STM32_Launchpad\launchpad\Libraries\CMSIS\DeviceSupport\Startup" -I"C:\STM32_Launchpad\STM32_Launchpad\launchpad\Libraries\STM32F10x_StdPeriph_Driver_v3.5\inc" -I"C:\STM32_Launchpad\STM32_Launchpad\launchpad\Libraries\STM32F10x_StdPeriph_Driver_v3.5\src" -O2 --cpu=cortex-m3 -g -c -o "main.o" "../main.c"
"../main.c", line 59: Warning:  #111-D: statement is unreachable
  	return 0;
  	^
../main.c: 1 warning, 0 errors
'Finished building: ../main.c'
' '
'Building target: launchpad.axf'
'Invoking: ARM Linker 5'
armlink --cpu=cortex-m3 --scatter="C:\STM32_Launchpad\STM32_Launchpad\launchpad\stm32-test.sct" --info=sizes -o "launchpad.axf"  ./Libraries/STM32F10x_StdPeriph_Driver_v3.5/src/lcd.o ./Libraries/STM32F10x_StdPeriph_Driver_v3.5/src/misc.o ./Libraries/STM32F10x_StdPeriph_Driver_v3.5/src/stm32f10x_adc.o ./Libraries/STM32F10x_StdPeriph_Driver_v3.5/src/stm32f10x_bkp.o ./Libraries/STM32F10x_StdPeriph_Driver_v3.5/src/stm32f10x_can.o ./Libraries/STM32F10x_StdPeriph_Driver_v3.5/src/stm32f10x_cec.o ./Libraries/STM32F10x_StdPeriph_Driver_v3.5/src/stm32f10x_crc.o ./Libraries/STM32F10x_StdPeriph_Driver_v3.5/src/stm32f10x_dac.o ./Libraries/STM32F10x_StdPeriph_Driver_v3.5/src/stm32f10x_dbgmcu.o ./Libraries/STM32F10x_StdPeriph_Driver_v3.5/src/stm32f10x_dma.o ./Libraries/STM32F10x_StdPeriph_Driver_v3.5/src/stm32f10x_exti.o ./Libraries/STM32F10x_StdPeriph_Driver_v3.5/src/stm32f10x_flash.o ./Libraries/STM32F10x_StdPeriph_Driver_v3.5/src/stm32f10x_fsmc.o ./Libraries/STM32F10x_StdPeriph_Driver_v3.5/src/stm32f10x_gpio.o ./Libraries/STM32F10x_StdPeriph_Driver_v3.5/src/stm32f10x_i2c.o ./Libraries/STM32F10x_StdPeriph_Driver_v3.5/src/stm32f10x_iwdg.o ./Libraries/STM32F10x_StdPeriph_Driver_v3.5/src/stm32f10x_pwr.o ./Libraries/STM32F10x_StdPeriph_Driver_v3.5/src/stm32f10x_rcc.o ./Libraries/STM32F10x_StdPeriph_Driver_v3.5/src/stm32f10x_rtc.o ./Libraries/STM32F10x_StdPeriph_Driver_v3.5/src/stm32f10x_sdio.o ./Libraries/STM32F10x_StdPeriph_Driver_v3.5/src/stm32f10x_spi.o ./Libraries/STM32F10x_StdPeriph_Driver_v3.5/src/stm32f10x_tim.o ./Libraries/STM32F10x_StdPeriph_Driver_v3.5/src/stm32f10x_usart.o ./Libraries/STM32F10x_StdPeriph_Driver_v3.5/src/stm32f10x_wwdg.o ./Libraries/STM32F10x_StdPeriph_Driver_v3.5/src/touch.o  ./Libraries/CMSIS/DeviceSupport/Startup/startup_stm32f10x_cl.o  ./Libraries/CMSIS/DeviceSupport/system_stm32f10x.o  ./Libraries/CMSIS/CoreSupport/core_cm3.o  ./main.o   

==============================================================================

Image component sizes


      Code (inc. data)   RO Data    RW Data    ZI Data      Debug   Object Name

         0          0          0          0          0     245864   lcd.o
       236         26          0          0          0       1314   main.o
        64         26        336          0       1536        888   startup_stm32f10x_cl.o
       612         36          0          0          0       5109   stm32f10x_gpio.o
       872         44          0         20          0      10350   stm32f10x_rcc.o
       444         44          0         20          0       2083   system_stm32f10x.o

    ----------------------------------------------------------------------
      2228        176        368         40       1536     265608   Object Totals
         0          0         32          0          0          0   (incl. Generated)
         0          0          0          0          0          0   (incl. Padding)

    ----------------------------------------------------------------------

      Code (inc. data)   RO Data    RW Data    ZI Data      Debug   Library Member Name

         8          0          0          0          0         68   __main.o
        52          8          0          0          0          0   __scatter.o
        26          0          0          0          0          0   __scatter_copy.o
        28          0          0          0          0          0   __scatter_zi.o
        12          0          0          0          0         72   exit.o
         6          0          0          0          0        152   heapauxi.o
         0          0          0          0          0          0   indicate_semi.o
         2          0          0          0          0          0   libinit.o
         2          0          0          0          0          0   libinit2.o
         2          0          0          0          0          0   libshutdown.o
         2          0          0          0          0          0   libshutdown2.o
         8          4          0          0         96         68   libspace.o
         0          0          0          0          0          0   rtentry.o
        12          0          0          0          0          0   rtentry2.o
         6          0          0          0          0          0   rtentry4.o
         2          0          0          0          0          0   rtexit.o
        10          0          0          0          0          0   rtexit2.o
        12          4          0          0          0         68   sys_exit.o
        74          0          0          0          0         80   sys_stackheap_outer.o
         2          0          0          0          0         68   use_no_semi.o

    ----------------------------------------------------------------------
       276         16          0          0         96        576   Library Totals
        10          0          0          0          0          0   (incl. Padding)

    ----------------------------------------------------------------------

      Code (inc. data)   RO Data    RW Data    ZI Data      Debug   Library Name

       266         16          0          0         96        576   c_w.l

    ----------------------------------------------------------------------
       276         16          0          0         96        576   Library Totals

    ----------------------------------------------------------------------

==============================================================================


      Code (inc. data)   RO Data    RW Data    ZI Data      Debug   

      2504        192        368         40       1632     265660   Grand Totals
      2504        192        368         40       1632     265660   ELF Image Totals
      2504        192        368         40          0          0   ROM Totals

==============================================================================

    Total RO  Size (Code + RO Data)                 2872 (   2.80kB)
    Total RW  Size (RW Data + ZI Data)              1672 (   1.63kB)
    Total ROM Size (Code + RO Data + RW Data)       2912 (   2.84kB)

==============================================================================

'Finished building target: launchpad.axf'
' '

20:17:29 Build Finished (took 604ms)

